Unity Editor version:    2020.3.29f1 (2ff179115da0)
Branch:                  2020.3/staging
Build type:              Release
Batch mode:              YES
macOS version:           Version 12.6.2 (Build 21G320)
Darwin version:          21.6.0
Architecture:            x86_64
Running under Rosetta:   NO
Available memory:        8192 MB
Using pre-set license
Pro License: NO

COMMAND LINE ARGUMENTS:
/Users/shahrzadkersten/Desktop/2020.3.29f1/Unity.app/Contents/MacOS/Unity
-adb2
-batchMode
-noUpm
-name
AssetImportWorker0
-projectPath
/Users/shahrzadkersten/Desktop/Informatica-Eindproject
-logFile
Logs/AssetImportWorker0.log
-srvPort
56934
Successfully changed project path to: /Users/shahrzadkersten/Desktop/Informatica-Eindproject
/Users/shahrzadkersten/Desktop/Informatica-Eindproject
Using Asset Import Pipeline V2.
Refreshing native plugins compatible for Editor in 222.30 ms, found 3 plugins.
Preloading 0 native plugins for Editor in 0.00 ms.
Initialize engine version: 2020.3.29f1 (2ff179115da0)
[Subsystems] Discovering subsystems at path /Users/shahrzadkersten/Desktop/2020.3.29f1/Unity.app/Contents/Resources/UnitySubsystems
[Subsystems] Discovering subsystems at path /Users/shahrzadkersten/Desktop/Informatica-Eindproject/Assets
GfxDevice: creating device client; threaded=0
2023-04-09 10:24:06.318 Unity[15274:8299372] Color LCD preferred device: Intel(R) Iris(TM) Graphics 6000 (low power)
2023-04-09 10:24:06.318 Unity[15274:8299372] Metal devices available: 1
2023-04-09 10:24:06.318 Unity[15274:8299372] 0: Intel(R) Iris(TM) Graphics 6000 (low power)
2023-04-09 10:24:06.319 Unity[15274:8299372] Using device Intel(R) Iris(TM) Graphics 6000 (low power)
Initializing Metal device caps: Intel(R) Iris(TM) Graphics 6000
Initialize mono
Mono path[0] = '/Users/shahrzadkersten/Desktop/2020.3.29f1/Unity.app/Contents/Managed'
Mono path[1] = '/Users/shahrzadkersten/Desktop/2020.3.29f1/Unity.app/Contents/MonoBleedingEdge/lib/mono/unityjit'
Mono config path = '/Users/shahrzadkersten/Desktop/2020.3.29f1/Unity.app/Contents/MonoBleedingEdge/etc'
Using monoOptions --debugger-agent=transport=dt_socket,embedding=1,server=y,suspend=n,address=127.0.0.1:56274
Begin MonoManager ReloadAssembly
Registering precompiled unity dll's ...
Register platform support module: /Users/shahrzadkersten/Desktop/2020.3.29f1/Unity.app/Contents/PlaybackEngines/MacStandaloneSupport/UnityEditor.OSXStandalone.Extensions.dll
Registered in 0.004357 seconds.
Native extension for OSXStandalone target not found
Refreshing native plugins compatible for Editor in 302.29 ms, found 3 plugins.
Preloading 0 native plugins for Editor in 0.00 ms.
Mono: successfully reloaded assembly
- Completed reload, in  4.250 seconds
Domain Reload Profiling:
	ReloadAssembly (4251ms)
		BeginReloadAssembly (465ms)
			ExecutionOrderSort (0ms)
			DisableScriptedObjects (0ms)
			BackupInstance (0ms)
			ReleaseScriptingObjects (0ms)
			CreateAndSetChildDomain (2ms)
		EndReloadAssembly (3235ms)
			LoadAssemblies (469ms)
			RebuildTransferFunctionScriptingTraits (0ms)
			SetupTypeCache (1050ms)
			ReleaseScriptCaches (0ms)
			RebuildScriptCaches (232ms)
			SetupLoadedEditorAssemblies (1499ms)
				LogAssemblyErrors (0ms)
				InitializePlatformSupportModulesInManaged (23ms)
				SetLoadedEditorAssemblies (1ms)
				RefreshPlugins (302ms)
				BeforeProcessingInitializeOnLoad (186ms)
				ProcessInitializeOnLoadAttributes (785ms)
				ProcessInitializeOnLoadMethodAttributes (201ms)
				AfterProcessingInitializeOnLoad (0ms)
				EditorAssembliesLoaded (1ms)
			ExecutionOrderSort2 (0ms)
			AwakeInstancesAfterBackupRestoration (0ms)
Platform modules already initialized, skipping
Registering precompiled user dll's ...
Registered in 0.015878 seconds.
Begin MonoManager ReloadAssembly
Native extension for OSXStandalone target not found
Refreshing native plugins compatible for Editor in 264.04 ms, found 3 plugins.
Preloading 0 native plugins for Editor in 0.00 ms.
Mono: successfully reloaded assembly
- Completed reload, in  7.614 seconds
Domain Reload Profiling:
	ReloadAssembly (7619ms)
		BeginReloadAssembly (1021ms)
			ExecutionOrderSort (0ms)
			DisableScriptedObjects (40ms)
			BackupInstance (0ms)
			ReleaseScriptingObjects (0ms)
			CreateAndSetChildDomain (188ms)
		EndReloadAssembly (6223ms)
			LoadAssemblies (621ms)
			RebuildTransferFunctionScriptingTraits (0ms)
			SetupTypeCache (2173ms)
			ReleaseScriptCaches (1ms)
			RebuildScriptCaches (340ms)
			SetupLoadedEditorAssemblies (2417ms)
				LogAssemblyErrors (0ms)
				InitializePlatformSupportModulesInManaged (18ms)
				SetLoadedEditorAssemblies (1ms)
				RefreshPlugins (264ms)
				BeforeProcessingInitializeOnLoad (553ms)
				ProcessInitializeOnLoadAttributes (1468ms)
				ProcessInitializeOnLoadMethodAttributes (106ms)
				AfterProcessingInitializeOnLoad (5ms)
				EditorAssembliesLoaded (1ms)
			ExecutionOrderSort2 (0ms)
			AwakeInstancesAfterBackupRestoration (42ms)
Platform modules already initialized, skipping
Validating Project structure ... 0.016084 seconds.
Shader import version has changed; will reimport all shaders...
Upgrading shader files ...0.072713 seconds.
Application.AssetDatabase Initial Script Refresh Start
RefreshInfo: InitialScriptRefreshV2(NoUpdateAssetOptions) scanfilter:  ... 1 filters
RefreshProfiler: Total: 0.000ms
Application.AssetDatabase Initial Script Refresh End
Application.AssetDatabase.Refresh Start
Application.AssetDatabase.Refresh End
RefreshInfo: StopAssetImportingV2(ForceSynchronousImport) scanfilter: 
RefreshProfiler: Total: 0.000ms
Launching external process: /Users/shahrzadkersten/Desktop/2020.3.29f1/Unity.app/Contents/Tools/UnityShaderCompiler
Launched and connected shader compiler UnityShaderCompiler after 0.04 seconds
Initializing Unity extensions:
2023-04-09 10:24:26.422 Unity[15274:8299372] NSEventModifierFlagFunction specified to -setKeyEquivalentModifierMask: for item <NSMenuItem: 0x7fc59ca7e0c0 Font Asset, ke='Command-F12'>, but is only supported for system-provided menu items; will not be used
2023-04-09 10:24:26.449 Unity[15274:8299372] NSEventModifierFlagFunction specified to -setKeyEquivalentModifierMask: for item <NSMenuItem: 0x7fc59cc54190 Font Asset, ke='Command-F12'>, but is only supported for system-provided menu items; will not be used
========================================================================
Worker process is ready to serve import requests
Refreshing native plugins compatible for Editor in 1.09 ms, found 3 plugins.
Preloading 0 native plugins for Editor in 0.00 ms.
Unloading 2254 Unused Serialized files (Serialized files now loaded: 0)
System memory in use before: 214.7 MB.
System memory in use after: 213.8 MB.

Unloading 133 unused Assets to reduce memory usage. Loaded Objects now: 2726.
Total: 15.365134 ms (FindLiveObjects: 0.355795 ms CreateObjectMapping: 0.207517 ms MarkObjects: 12.181120 ms  DeleteObjects: 2.617874 ms)

AssetImportParameters requested are different than current active one (requested -> active):
  custom:video-decoder-ogg-theora: a1e56fd34408186e4bbccfd4996cb3dc -> 
  custom:container-muxer-webm: aa71ff27fc2769a1b78a27578f13a17b -> 
  custom:container-demuxer-webm: 4f35f7cbe854078d1ac9338744f61a02 -> 
  custom:container-demuxer-ogg: 62fdf1f143b41e24485cea50d1cbac27 -> 
  custom:video-encoder-webm-vp8: eb34c28f22e8b96e1ab97ce403110664 -> 
  custom:framework-osx-AVFoundation: e770b220cccbd017edd2c1fefb359320 -> 
  custom:video-decoder-webm-vp8: 9c59270c3fd7afecdb556c50c9e8de78 -> 
  custom:audio-decoder-ogg-vorbis: bf7c407c2cedff20999df2af8eb42d56 -> 
  custom:audio-encoder-webm-vorbis: bf7c407c2cedff20999df2af8eb42d56 -> 
========================================================================
Received Import Request.
  path: Assets/SpeedBeast FREE.ttf
  artifactKey: Guid(67c44181c5dabee4180f229169be1502) Importer(815301076,1909f56bfc062723c751e8b465ee728b)
Start importing Assets/SpeedBeast FREE.ttf using Guid(67c44181c5dabee4180f229169be1502) Importer(815301076,1909f56bfc062723c751e8b465ee728b)  -> (artifact id: '51d01e02b9475cddf7e1138b3f0e5f50') in 9.994397 seconds 
  Import took 10.097765 seconds .

========================================================================
Received Import Request.
  Time since last request: 236.195927 seconds.
  path: Assets/Artwork/tiletjes.png
  artifactKey: Guid(716d9920d3949426a8d3431daed5b6bf) Importer(815301076,1909f56bfc062723c751e8b465ee728b)
Start importing Assets/Artwork/tiletjes.png using Guid(716d9920d3949426a8d3431daed5b6bf) Importer(815301076,1909f56bfc062723c751e8b465ee728b)  -> (artifact id: '7bb221018de9db5840c2024b58a7d040') in 1.878301 seconds 
  Import took 1.898002 seconds .

========================================================================
Received Import Request.
  Time since last request: 12.912655 seconds.
  path: Assets/Artwork/tiletjes.png
  artifactKey: Guid(716d9920d3949426a8d3431daed5b6bf) Importer(815301076,1909f56bfc062723c751e8b465ee728b)
Start importing Assets/Artwork/tiletjes.png using Guid(716d9920d3949426a8d3431daed5b6bf) Importer(815301076,1909f56bfc062723c751e8b465ee728b)  -> (artifact id: 'faf3285d7b973bc92e1bb341bd9902df') in 0.020575 seconds 
  Import took 0.032150 seconds .

========================================================================
Received Import Request.
  Time since last request: 26.150920 seconds.
  path: Assets/Artwork/tiletjes.png
  artifactKey: Guid(716d9920d3949426a8d3431daed5b6bf) Importer(815301076,1909f56bfc062723c751e8b465ee728b)
Start importing Assets/Artwork/tiletjes.png using Guid(716d9920d3949426a8d3431daed5b6bf) Importer(815301076,1909f56bfc062723c751e8b465ee728b)  -> (artifact id: 'dcb5ca10342d1e4d285c244601563666') in 0.080996 seconds 
  Import took 0.090151 seconds .

========================================================================
Received Import Request.
  Time since last request: 101.659329 seconds.
  path: Assets/Artwork/tiletjes_0.asset
  artifactKey: Guid(c016ffdaa1eb04184912e88964d00425) Importer(815301076,1909f56bfc062723c751e8b465ee728b)
Start importing Assets/Artwork/tiletjes_0.asset using Guid(c016ffdaa1eb04184912e88964d00425) Importer(815301076,1909f56bfc062723c751e8b465ee728b)  -> (artifact id: 'bce801de882067d7db229324787ffac2') in 1.915955 seconds 
  Import took 1.927871 seconds .

========================================================================
Received Import Request.
  Time since last request: 0.000421 seconds.
  path: Assets/Artwork/tiletjes_10.asset
  artifactKey: Guid(74005d5dc462d4bcfb0ca60cf32bd894) Importer(815301076,1909f56bfc062723c751e8b465ee728b)
Start importing Assets/Artwork/tiletjes_10.asset using Guid(74005d5dc462d4bcfb0ca60cf32bd894) Importer(815301076,1909f56bfc062723c751e8b465ee728b)  -> (artifact id: 'a497db0e71b91a788b0c7d5c4b939d64') in 0.020562 seconds 
  Import took 0.033180 seconds .

========================================================================
Received Import Request.
  Time since last request: 0.000415 seconds.
  path: Assets/Artwork/tiletjes_2.asset
  artifactKey: Guid(53e5c0c8390f642398842d6a20f1fc0d) Importer(815301076,1909f56bfc062723c751e8b465ee728b)
Start importing Assets/Artwork/tiletjes_2.asset using Guid(53e5c0c8390f642398842d6a20f1fc0d) Importer(815301076,1909f56bfc062723c751e8b465ee728b)  -> (artifact id: '5abca00ef0241dd02107e30bf5d0e400') in 0.023872 seconds 
  Import took 0.036707 seconds .

========================================================================
Received Import Request.
  Time since last request: 0.000357 seconds.
  path: Assets/Artwork/tiletjes_9.asset
  artifactKey: Guid(89ca5f717a68348b285c59c9d97c3cab) Importer(815301076,1909f56bfc062723c751e8b465ee728b)
Start importing Assets/Artwork/tiletjes_9.asset using Guid(89ca5f717a68348b285c59c9d97c3cab) Importer(815301076,1909f56bfc062723c751e8b465ee728b)  -> (artifact id: '7a20f990fceece43abd58bdc0559c590') in 0.021258 seconds 
  Import took 0.028703 seconds .

========================================================================
Received Import Request.
  Time since last request: 0.000402 seconds.
  path: Assets/Artwork/tiletjes_3.asset
  artifactKey: Guid(653f1ab33cfa34b25869618170b555c1) Importer(815301076,1909f56bfc062723c751e8b465ee728b)
Start importing Assets/Artwork/tiletjes_3.asset using Guid(653f1ab33cfa34b25869618170b555c1) Importer(815301076,1909f56bfc062723c751e8b465ee728b)  -> (artifact id: 'a1050ff424d684cec2d53e1fe502f8c8') in 0.026515 seconds 
  Import took 0.041924 seconds .

========================================================================
Received Import Request.
  Time since last request: 0.000825 seconds.
  path: Assets/Artwork/tiletjes_7.asset
  artifactKey: Guid(dbae8bc3fba404fb78f0a62c8e631a02) Importer(815301076,1909f56bfc062723c751e8b465ee728b)
Start importing Assets/Artwork/tiletjes_7.asset using Guid(dbae8bc3fba404fb78f0a62c8e631a02) Importer(815301076,1909f56bfc062723c751e8b465ee728b)  -> (artifact id: 'b7b7560f70b0132530124d7353b4ba6e') in 0.024035 seconds 
  Import took 0.033482 seconds .

========================================================================
Received Import Request.
  Time since last request: 0.000586 seconds.
  path: Assets/Artwork/tiletjes_5.asset
  artifactKey: Guid(bec04cf8d01014221b3323c616b5fa02) Importer(815301076,1909f56bfc062723c751e8b465ee728b)
Start importing Assets/Artwork/tiletjes_5.asset using Guid(bec04cf8d01014221b3323c616b5fa02) Importer(815301076,1909f56bfc062723c751e8b465ee728b)  -> (artifact id: 'faf61e569611b0dcca3235875f5c9d46') in 0.041178 seconds 
  Import took 0.048592 seconds .

========================================================================
Received Import Request.
  Time since last request: 0.000446 seconds.
  path: Assets/Artwork/tiletjes_8.asset
  artifactKey: Guid(0eb077c1dc575475994e2679b3ae90af) Importer(815301076,1909f56bfc062723c751e8b465ee728b)
Start importing Assets/Artwork/tiletjes_8.asset using Guid(0eb077c1dc575475994e2679b3ae90af) Importer(815301076,1909f56bfc062723c751e8b465ee728b)  -> (artifact id: '3608db4615cdb6c90a2c4d27e5913b23') in 0.015877 seconds 
  Import took 0.026806 seconds .

========================================================================
Received Import Request.
  Time since last request: 0.000358 seconds.
  path: Assets/Artwork/tiletjes_4.asset
  artifactKey: Guid(5dc27828bc35542d1b97a44c07b0b5fd) Importer(815301076,1909f56bfc062723c751e8b465ee728b)
Start importing Assets/Artwork/tiletjes_4.asset using Guid(5dc27828bc35542d1b97a44c07b0b5fd) Importer(815301076,1909f56bfc062723c751e8b465ee728b)  -> (artifact id: '8e32bffac31b53b24d94ff7c10e00467') in 0.033945 seconds 
  Import took 0.043549 seconds .

========================================================================
Received Import Request.
  Time since last request: 0.000431 seconds.
  path: Assets/Artwork/tiletjes_6.asset
  artifactKey: Guid(533502d84fe0242acb242f079745cfea) Importer(815301076,1909f56bfc062723c751e8b465ee728b)
Start importing Assets/Artwork/tiletjes_6.asset using Guid(533502d84fe0242acb242f079745cfea) Importer(815301076,1909f56bfc062723c751e8b465ee728b)  -> (artifact id: '38c56c4b3f49f09e004c95dd856442b1') in 0.021674 seconds 
  Import took 0.031979 seconds .

========================================================================
Received Import Request.
  Time since last request: 0.000414 seconds.
  path: Assets/Artwork/tiletjes_1.asset
  artifactKey: Guid(f2edabd2fe3a34785800c0ebeacd0118) Importer(815301076,1909f56bfc062723c751e8b465ee728b)
Start importing Assets/Artwork/tiletjes_1.asset using Guid(f2edabd2fe3a34785800c0ebeacd0118) Importer(815301076,1909f56bfc062723c751e8b465ee728b)  -> (artifact id: '0cc723df24395929bed77f37e737d471') in 0.033880 seconds 
  Import took 0.043725 seconds .

========================================================================
Received Import Request.
  Time since last request: 0.799267 seconds.
  path: Assets/Artwork/tiletjes_11.asset
  artifactKey: Guid(1bc6e66f60c8446f88a3b5bd68526aae) Importer(815301076,1909f56bfc062723c751e8b465ee728b)
Start importing Assets/Artwork/tiletjes_11.asset using Guid(1bc6e66f60c8446f88a3b5bd68526aae) Importer(815301076,1909f56bfc062723c751e8b465ee728b)  -> (artifact id: 'c7c75c2a5c21b2c0614e5841aba03de3') in 0.033311 seconds 
  Import took 0.040901 seconds .

========================================================================
Received Import Request.
  Time since last request: 0.000591 seconds.
  path: Assets/Artwork/tiletjes_12.asset
  artifactKey: Guid(ccf8377c1debb4412992a3a7934e1803) Importer(815301076,1909f56bfc062723c751e8b465ee728b)
Start importing Assets/Artwork/tiletjes_12.asset using Guid(ccf8377c1debb4412992a3a7934e1803) Importer(815301076,1909f56bfc062723c751e8b465ee728b)  -> (artifact id: '75fea195e250a6a69d90ceeb0a9a5eb1') in 0.032120 seconds 
  Import took 0.039266 seconds .

========================================================================
Received Prepare
Registering precompiled user dll's ...
Registered in 0.011096 seconds.
Begin MonoManager ReloadAssembly
Native extension for OSXStandalone target not found
Refreshing native plugins compatible for Editor in 0.59 ms, found 3 plugins.
Preloading 0 native plugins for Editor in 0.00 ms.
2023-04-09 12:39:39.804 Unity[15274:8299372] NSEventModifierFlagFunction specified to -setKeyEquivalentModifierMask: for item <NSMenuItem: 0x7fc59b30c3e0 Font Asset, ke='Command-F12'>, but is only supported for system-provided menu items; will not be used
Mono: successfully reloaded assembly
- Completed reload, in  2.743 seconds
Domain Reload Profiling:
	ReloadAssembly (2748ms)
		BeginReloadAssembly (632ms)
			ExecutionOrderSort (0ms)
			DisableScriptedObjects (26ms)
			BackupInstance (0ms)
			ReleaseScriptingObjects (1ms)
			CreateAndSetChildDomain (288ms)
		EndReloadAssembly (1941ms)
			LoadAssemblies (457ms)
			RebuildTransferFunctionScriptingTraits (0ms)
			SetupTypeCache (716ms)
			ReleaseScriptCaches (1ms)
			RebuildScriptCaches (95ms)
			SetupLoadedEditorAssemblies (596ms)
				LogAssemblyErrors (0ms)
				InitializePlatformSupportModulesInManaged (9ms)
				SetLoadedEditorAssemblies (1ms)
				RefreshPlugins (1ms)
				BeforeProcessingInitializeOnLoad (206ms)
				ProcessInitializeOnLoadAttributes (353ms)
				ProcessInitializeOnLoadMethodAttributes (24ms)
				AfterProcessingInitializeOnLoad (1ms)
				EditorAssembliesLoaded (0ms)
			ExecutionOrderSort2 (0ms)
			AwakeInstancesAfterBackupRestoration (15ms)
Platform modules already initialized, skipping
Refreshing native plugins compatible for Editor in 0.95 ms, found 3 plugins.
Preloading 0 native plugins for Editor in 0.00 ms.
Unloading 2234 Unused Serialized files (Serialized files now loaded: 0)
System memory in use before: 227.2 MB.
System memory in use after: 227.3 MB.

Unloading 20 unused Assets to reduce memory usage. Loaded Objects now: 2778.
Total: 5.421654 ms (FindLiveObjects: 0.300932 ms CreateObjectMapping: 0.129416 ms MarkObjects: 4.827682 ms  DeleteObjects: 0.162076 ms)

AssetImportParameters requested are different than current active one (requested -> active):
  custom:video-decoder-ogg-theora: a1e56fd34408186e4bbccfd4996cb3dc -> 
  custom:container-muxer-webm: aa71ff27fc2769a1b78a27578f13a17b -> 
  custom:container-demuxer-webm: 4f35f7cbe854078d1ac9338744f61a02 -> 
  custom:container-demuxer-ogg: 62fdf1f143b41e24485cea50d1cbac27 -> 
  custom:video-encoder-webm-vp8: eb34c28f22e8b96e1ab97ce403110664 -> 
  custom:framework-osx-AVFoundation: e770b220cccbd017edd2c1fefb359320 -> 
  custom:video-decoder-webm-vp8: 9c59270c3fd7afecdb556c50c9e8de78 -> 
  custom:audio-decoder-ogg-vorbis: bf7c407c2cedff20999df2af8eb42d56 -> 
  custom:audio-encoder-webm-vorbis: bf7c407c2cedff20999df2af8eb42d56 -> 
AssetImportWorkerClient::OnTransportError - code=2 error=End of file
